<?xml version="1.0" encoding="UTF-8"?>
<testng-results ignored="0" total="1" passed="1" failed="0" skipped="0">
  <reporter-output>
  </reporter-output>
  <suite started-at="2023-02-02T16:03:29 IST" name="Default suite" finished-at="2023-02-02T16:03:39 IST" duration-ms="10548">
    <groups>
    </groups>
    <test started-at="2023-02-02T16:03:29 IST" name="Default test" finished-at="2023-02-02T16:03:39 IST" duration-ms="10548">
      <class name="com.qa.testcases.inwardlist.JobWorkInspectionListPageTest">
        <test-method is-config="true" signature="setup()[pri:0, instance:com.qa.testcases.inwardlist.JobWorkInspectionListPageTest@1a6d8329]" started-at="2023-02-02T16:03:29 IST" name="setup" finished-at="2023-02-02T16:03:33 IST" duration-ms="4501" status="PASS">
          <reporter-output>
          </reporter-output>
        </test-method> <!-- setup -->
        <test-method signature="Verify_Navigation()[pri:1, instance:com.qa.testcases.inwardlist.JobWorkInspectionListPageTest@1a6d8329]" started-at="2023-02-02T16:03:33 IST" name="Verify_Navigation" finished-at="2023-02-02T16:03:39 IST" duration-ms="6003" status="PASS">
          <reporter-output>
          </reporter-output>
        </test-method> <!-- Verify_Navigation -->
      </class> <!-- com.qa.testcases.inwardlist.JobWorkInspectionListPageTest -->
    </test> <!-- Default test -->
  </suite> <!-- Default suite -->
</testng-results>
